
/home/runner/work/exp-fundamentals-heat-conduction-iitb/exp-fundamentals-heat-conduction-iitb/experiment/simulation/common_libraries/js/ts_components/collapse_step.js
   1:10  warning  'show_step' is defined but never used                 no-unused-vars
   2:5   warning  '$' is not defined                                    no-undef
   3:9   warning  '$' is not defined                                    no-undef
   6:10  warning  'hide_step' is defined but never used                 no-unused-vars
   7:5   warning  '$' is not defined                                    no-undef
   8:9   warning  '$' is not defined                                    no-undef
  11:10  warning  'get_collapse_btn_text' is defined but never used     no-unused-vars
  20:10  warning  'get_collapse_btn_element' is defined but never used  no-unused-vars
  29:10  warning  'hide_all_steps' is defined but never used            no-unused-vars
  31:9   warning  '$' is not defined                                    no-undef

/home/runner/work/exp-fundamentals-heat-conduction-iitb/exp-fundamentals-heat-conduction-iitb/experiment/simulation/common_libraries/js/ts_components/matrix.js
   27:26  warning  'MathJax' is not defined                                no-undef
   32:7   warning  'Matrix_Without_String' is defined but never used       no-unused-vars
   52:26  warning  'MathJax' is not defined                                no-undef
   56:10  warning  'get_matrix_html' is defined but never used             no-unused-vars
   87:13  warning  'row_html' is assigned a value but never used           no-unused-vars
   99:10  warning  'get_matrix_html_with_title' is defined but never used  no-unused-vars
  131:13  warning  'row_html' is assigned a value but never used           no-unused-vars
  143:10  warning  'convert_2d_to_1d_vector' is defined but never used     no-unused-vars
  156:10  warning  'convert_1d_to_2d_matrix' is defined but never used     no-unused-vars

/home/runner/work/exp-fundamentals-heat-conduction-iitb/exp-fundamentals-heat-conduction-iitb/experiment/simulation/common_libraries/js/ts_components/pannel.js
  8:7  warning  'Pannel' is defined but never used  no-unused-vars

/home/runner/work/exp-fundamentals-heat-conduction-iitb/exp-fundamentals-heat-conduction-iitb/experiment/simulation/common_libraries/js/ts_components/questions.js
   6:17  warning  'op1' is assigned a value but never used      no-unused-vars
   7:17  warning  'op2' is assigned a value but never used      no-unused-vars
   8:17  warning  'op3' is assigned a value but never used      no-unused-vars
   9:17  warning  'op4' is assigned a value but never used      no-unused-vars
  94:7   warning  'Question_Options' is defined but never used  no-unused-vars

/home/runner/work/exp-fundamentals-heat-conduction-iitb/exp-fundamentals-heat-conduction-iitb/experiment/simulation/common_libraries/js/ts_components/tables.js
   19:22  warning  'verify_values' is not defined                                     no-undef
  137:22  warning  'verify_values' is not defined                                     no-undef
  260:7   warning  'Verify_Rows_Cols_6_decimal_places' is defined but never used      no-unused-vars
  311:22  warning  'verify_values' is not defined                                     no-undef
  416:7   warning  'Verify_Rows_Cols_Custom_Fixed_Update1' is defined but never used  no-unused-vars
  468:7   warning  'Show_Table_Custom_Fixed' is defined but never used                no-unused-vars
  506:7   warning  'Verify_Rows_Cols_Strings' is defined but never used               no-unused-vars
  527:22  warning  'verify_values' is not defined                                     no-undef
  663:7   warning  'Display_Table' is defined but never used                          no-unused-vars

/home/runner/work/exp-fundamentals-heat-conduction-iitb/exp-fundamentals-heat-conduction-iitb/experiment/simulation/common_libraries/js/ts_math_library/general_math_functions.js
    1:10  warning  'verify_values' is defined but never used                   no-unused-vars
   17:10  warning  'random1' is defined but never used                         no-unused-vars
   21:10  warning  'std_deviation' is defined but never used                   no-unused-vars
   26:10  warning  'gauss' is defined but never used                           no-unused-vars
   56:10  warning  'hide_panel' is defined but never used                      no-unused-vars
   63:10  warning  'inverse_matrix' is defined but never used                  no-unused-vars
   96:10  warning  'matrix_multiplication' is defined but never used           no-unused-vars
  113:10  warning  'transpose_matrix' is defined but never used                no-unused-vars
  123:10  warning  'matrix_multiplication_8decimal' is defined but never used  no-unused-vars
  140:10  warning  'adjoint_2x2_matrix' is defined but never used              no-unused-vars
  145:10  warning  'find_deteminant' is defined but never used                 no-unused-vars
  174:10  warning  'get_Submatrix' is defined but never used                   no-unused-vars

/home/runner/work/exp-fundamentals-heat-conduction-iitb/exp-fundamentals-heat-conduction-iitb/experiment/simulation/common_libraries/js/ts_math_library/regression.js
   1:10  warning  'regression_linear' is defined but never used            no-unused-vars
  18:10  warning  'regression_linear_1variable' is defined but never used  no-unused-vars
  27:10  warning  'regression_linear_2variable' is defined but never used  no-unused-vars
  52:11  warning  'gauss' is not defined                                   no-undef

/home/runner/work/exp-fundamentals-heat-conduction-iitb/exp-fundamentals-heat-conduction-iitb/experiment/simulation/common_libraries/math.ob.js
  1:745  warning  'b' is already defined  no-redeclare

/home/runner/work/exp-fundamentals-heat-conduction-iitb/exp-fundamentals-heat-conduction-iitb/experiment/simulation/js/activity1.js
   15:9   warning  'MathJax' is not defined                        no-undef
   18:10  warning  'start_act1' is defined but never used          no-unused-vars
   23:20  warning  'get_collapse_btn_text' is not defined          no-undef
   43:37  warning  Unnecessary escape character: \∂                no-useless-escape
   43:42  warning  Unnecessary escape character: \∂                no-useless-escape
   65:13  warning  Unnecessary escape character: \∴                no-useless-escape
   65:25  warning  Unnecessary escape character: \∫                no-useless-escape
   65:51  warning  Unnecessary escape character: \∫                no-useless-escape
   70:19  warning  Unnecessary escape character: \≠                no-useless-escape
   72:19  warning  Unnecessary escape character: \≠                no-useless-escape
   72:34  warning  Unnecessary escape character: \∵                no-useless-escape
   73:19  warning  Unnecessary escape character: \≠                no-useless-escape
   73:34  warning  Unnecessary escape character: \∵                no-useless-escape
   78:13  warning  Unnecessary escape character: \∴                no-useless-escape
   78:36  warning  Unnecessary escape character: \∫                no-useless-escape
   78:49  warning  Unnecessary escape character: \∫                no-useless-escape
   96:5   warning  'indx1_a1' is not defined                       no-undef
   96:29  warning  'opt1_a1' is not defined                        no-undef
   96:38  warning  'ans1_a1' is not defined                        no-undef
  101:24  warning  'Question_Options' is not defined               no-undef
  101:47  warning  'opt1_a1' is not defined                        no-undef
  101:56  warning  'indx1_a1' is not defined                       no-undef
  104:5   warning  'hide_all_steps' is not defined                 no-undef
  106:9   warning  'MathJax' is not defined                        no-undef
  109:9   warning  'show_step' is not defined                      no-undef
  126:16  warning  Unnecessary escape character: \∴                no-useless-escape
  128:16  warning  Unnecessary escape character: \∴                no-useless-escape
  138:5   warning  'indx2_a1' is not defined                       no-undef
  138:29  warning  'opt2_a1' is not defined                        no-undef
  138:38  warning  'ans2_a1' is not defined                        no-undef
  141:10  warning  Unnecessary escape character: \∴                no-useless-escape
  145:24  warning  'Question_Options' is not defined               no-undef
  145:47  warning  'opt2_a1' is not defined                        no-undef
  145:56  warning  'indx2_a1' is not defined                       no-undef
  145:87  warning  'activity2' is not defined                      no-undef
  149:9   warning  'MathJax' is not defined                        no-undef
  152:10  warning  'activity_completed' is defined but never used  no-unused-vars

/home/runner/work/exp-fundamentals-heat-conduction-iitb/exp-fundamentals-heat-conduction-iitb/experiment/simulation/js/activity2.js
    2:10  warning  'activity2' is defined but never used   no-unused-vars
    3:20  warning  'get_collapse_btn_text' is not defined  no-undef
   22:40  warning  Unnecessary escape character: \∂        no-useless-escape
   22:45  warning  Unnecessary escape character: \∂        no-useless-escape
   30:19  warning  Unnecessary escape character: \∴        no-useless-escape
   43:16  warning  Unnecessary escape character: \∴        no-useless-escape
   43:27  warning  Unnecessary escape character: \∫        no-useless-escape
   43:60  warning  Unnecessary escape character: \∫        no-useless-escape
   48:22  warning  Unnecessary escape character: \≠        no-useless-escape
   48:37  warning  Unnecessary escape character: \∵        no-useless-escape
   49:32  warning  Unnecessary escape character: \π        no-useless-escape
   50:22  warning  Unnecessary escape character: \≠        no-useless-escape
   50:37  warning  Unnecessary escape character: \∵        no-useless-escape
   56:19  warning  Unnecessary escape character: \∴        no-useless-escape
   56:41  warning  Unnecessary escape character: \π        no-useless-escape
   56:45  warning  Unnecessary escape character: \∫        no-useless-escape
   56:79  warning  Unnecessary escape character: \∫        no-useless-escape
   58:30  warning  Unnecessary escape character: \π        no-useless-escape
   72:5   warning  'maindiv' is not defined                no-undef
   73:5   warning  'indx1_a2' is not defined               no-undef
   73:16  warning  'shuffleArray' is not defined           no-undef
   73:29  warning  'opt1_a2' is not defined                no-undef
   73:38  warning  'ans1_a2' is not defined                no-undef
   78:24  warning  'Question_Options' is not defined       no-undef
   78:47  warning  'opt1_a2' is not defined                no-undef
   78:56  warning  'indx1_a2' is not defined               no-undef
   81:5   warning  'hide_all_steps' is not defined         no-undef
   83:9   warning  'MathJax' is not defined                no-undef
   86:9   warning  'show_step' is not defined              no-undef
  103:16  warning  Unnecessary escape character: \∴        no-useless-escape
  103:40  warning  Unnecessary escape character: \π        no-useless-escape
  105:16  warning  Unnecessary escape character: \∴        no-useless-escape
  105:40  warning  Unnecessary escape character: \π        no-useless-escape
  105:87  warning  Unnecessary escape character: \π        no-useless-escape
  115:5   warning  'indx2_a2' is not defined               no-undef
  115:16  warning  'shuffleArray' is not defined           no-undef
  115:29  warning  'opt2_a2' is not defined                no-undef
  115:38  warning  'ans2_a2' is not defined                no-undef
  118:10  warning  Unnecessary escape character: \∴        no-useless-escape
  122:24  warning  'Question_Options' is not defined       no-undef
  122:47  warning  'opt2_a2' is not defined                no-undef
  122:56  warning  'indx2_a2' is not defined               no-undef
  122:87  warning  'activity3' is not defined              no-undef
  126:9   warning  'MathJax' is not defined                no-undef

/home/runner/work/exp-fundamentals-heat-conduction-iitb/exp-fundamentals-heat-conduction-iitb/experiment/simulation/js/activity3.js
    2:10  warning  'activity3' is defined but never used   no-unused-vars
    3:20  warning  'get_collapse_btn_text' is not defined  no-undef
   20:40  warning  Unnecessary escape character: \∂        no-useless-escape
   20:45  warning  Unnecessary escape character: \∂        no-useless-escape
   29:19  warning  Unnecessary escape character: \∴        no-useless-escape
   41:16  warning  Unnecessary escape character: \∴        no-useless-escape
   42:16  warning  Unnecessary escape character: \∫        no-useless-escape
   42:49  warning  Unnecessary escape character: \∫        no-useless-escape
   47:22  warning  Unnecessary escape character: \≠        no-useless-escape
   47:37  warning  Unnecessary escape character: \∵        no-useless-escape
   48:32  warning  Unnecessary escape character: \π        no-useless-escape
   49:22  warning  Unnecessary escape character: \≠        no-useless-escape
   49:37  warning  Unnecessary escape character: \∵        no-useless-escape
   55:19  warning  Unnecessary escape character: \∴        no-useless-escape
   55:41  warning  Unnecessary escape character: \π        no-useless-escape
   55:44  warning  Unnecessary escape character: \∫        no-useless-escape
   55:80  warning  Unnecessary escape character: \∫        no-useless-escape
   57:30  warning  Unnecessary escape character: \π        no-useless-escape
   71:5   warning  'maindiv' is not defined                no-undef
   72:5   warning  'indx1_a3' is not defined               no-undef
   72:16  warning  'shuffleArray' is not defined           no-undef
   72:29  warning  'opt1_a3' is not defined                no-undef
   72:38  warning  'ans1_a3' is not defined                no-undef
   77:24  warning  'Question_Options' is not defined       no-undef
   77:47  warning  'opt1_a3' is not defined                no-undef
   77:56  warning  'indx1_a3' is not defined               no-undef
   80:5   warning  'hide_all_steps' is not defined         no-undef
   82:9   warning  'MathJax' is not defined                no-undef
   85:9   warning  'show_step' is not defined              no-undef
  101:13  warning  Unnecessary escape character: \∴        no-useless-escape
  101:37  warning  Unnecessary escape character: \π        no-useless-escape
  107:25  warning  Unnecessary escape character: \π        no-useless-escape
  107:82  warning  Unnecessary escape character: \π        no-useless-escape
  116:5   warning  'indx2_a3' is not defined               no-undef
  116:16  warning  'shuffleArray' is not defined           no-undef
  116:29  warning  'opt2_a3' is not defined                no-undef
  116:38  warning  'ans2_a3' is not defined                no-undef
  119:10  warning  Unnecessary escape character: \∴        no-useless-escape
  123:24  warning  'Question_Options' is not defined       no-undef
  123:47  warning  'opt2_a3' is not defined                no-undef
  123:56  warning  'indx2_a3' is not defined               no-undef
  123:87  warning  'activity_completed' is not defined     no-undef
  127:9   warning  'MathJax' is not defined                no-undef

/home/runner/work/exp-fundamentals-heat-conduction-iitb/exp-fundamentals-heat-conduction-iitb/experiment/simulation/js/data.js
   2:5  warning  'opt1_a1' is assigned a value but never used   no-unused-vars
   8:5  warning  'ans1_a1' is assigned a value but never used   no-unused-vars
   9:5  warning  'indx1_a1' is assigned a value but never used  no-unused-vars
  10:5  warning  'opt2_a1' is assigned a value but never used   no-unused-vars
  16:5  warning  'ans2_a1' is assigned a value but never used   no-unused-vars
  17:5  warning  'indx2_a1' is assigned a value but never used  no-unused-vars
  19:5  warning  'opt1_a2' is assigned a value but never used   no-unused-vars
  25:5  warning  'ans1_a2' is assigned a value but never used   no-unused-vars
  26:5  warning  'indx1_a2' is assigned a value but never used  no-unused-vars
  27:5  warning  'opt2_a2' is assigned a value but never used   no-unused-vars
  33:5  warning  'ans2_a2' is assigned a value but never used   no-unused-vars
  34:5  warning  'indx2_a2' is assigned a value but never used  no-unused-vars
  36:5  warning  'opt1_a3' is assigned a value but never used   no-unused-vars
  42:5  warning  'ans1_a3' is assigned a value but never used   no-unused-vars
  43:5  warning  'indx1_a3' is assigned a value but never used  no-unused-vars
  44:5  warning  'opt2_a3' is assigned a value but never used   no-unused-vars
  50:5  warning  'ans2_a3' is assigned a value but never used   no-unused-vars
  51:5  warning  'indx2_a3' is assigned a value but never used  no-unused-vars

/home/runner/work/exp-fundamentals-heat-conduction-iitb/exp-fundamentals-heat-conduction-iitb/experiment/simulation/js/screen_size.js
  1:10  warning  'set_screen_size' is defined but never used  no-unused-vars

✖ 194 problems (0 errors, 194 warnings)

